C51 COMPILER V9.53.0.0   12864                                                             05/13/2019 23:00:54 PAGE 1   


C51 COMPILER V9.53.0.0, COMPILATION OF MODULE 12864
OBJECT MODULE PLACED IN ..\OBJ\12864.obj
COMPILER INVOKED BY: D:\my software\worksoft\DXP&keil4&protues\MDK524\C51\BIN\C51.EXE ..\CORE\12864.c OPTIMIZE(8,SPEED) 
                    -BROWSE INCDIR(..\CORE) DEBUG OBJECTEXTEND PRINT(.\Listings\12864.lst) OBJECT(..\OBJ\12864.obj)

line level    source

   1          #include "12864.h"
   2          void Delay_40US(void)   
   3          {
   4   1          uchar a,b;
   5   1          for(b=1;b>0;b--)
   6   1              for(a=17*12;a>0;a--);
   7   1      }
   8          /*************
   9          测试LCD是否处于忙
  10          **************/
  11          void LCD12864_CheckBusy(void)
  12          {
  13   1          uchar Busy,num;
  14   1                LcdData=0xff;
  15   1                num=100;
  16   1          LCD12864_RS_L;
  17   1          LCD12864_RW_H;
  18   1          LCD12864_EN_H;
  19   1          Delay_40US();  
  20   1          Busy=LcdData&0x80;
  21   1          LCD12864_EN_L;
  22   1          while(Busy&num--);
  23   1      }
  24          
  25          /*********************************
  26          向LCD写入字节数据
  27          **********************************/
  28          void LCD_WriteData(uchar Data)
  29          {  
  30   1              LCD12864_CheckBusy();
  31   1              LCD12864_RS_H;
  32   1              LCD12864_RW_L;
  33   1              LCD12864_EN_L;
  34   1              LcdData=Data;
  35   1          Delay_40US();   
  36   1              LCD12864_EN_H;
  37   1          Delay_40US();    
  38   1              LCD12864_EN_L;
  39   1      }
  40          /*************************************
  41          向LCD中写入指令代码
  42          **************************************/
  43          void LCD_WriteCmd(uchar CmdCode)
  44          {  
  45   1          LCD12864_CheckBusy();
  46   1              LCD12864_RS_L;
  47   1              LCD12864_RW_L;
  48   1              LCD12864_EN_L;
  49   1          Delay_40US();   
  50   1              LcdData=CmdCode;
  51   1          Delay_40US();   
  52   1              LCD12864_EN_H;
  53   1          Delay_40US();   
  54   1              LCD12864_EN_L;
C51 COMPILER V9.53.0.0   12864                                                             05/13/2019 23:00:54 PAGE 2   

  55   1      }
  56          /***********************
  57           12864设定初始显示位置
  58           X为行的数目
  59           Y为列的数目
  60           ***********************/
  61           void LCD12864_SetPoint(uchar X,uchar Y)
  62           {
  63   1              uchar pos;
  64   1              //LCD_WriteCmd(0x30);
  65   1              if     (X==1){X=0x80;}
  66   1              else if(X==2){X=0x90;}
  67   1          else if(X==3){X=0x88;}
  68   1              else if(X==4){X=0x98;}
  69   1              pos=X+Y;
  70   1              LCD_WriteCmd(pos);
  71   1       }
  72          
  73          void LCD12864_Init(void)
  74          {   
  75   1              LCD_WriteCmd(0x34);
  76   1              LCD_WriteCmd(0x34);
  77   1              LCD_WriteCmd(0x30);       //选择基本指令集
  78   1              LCD_WriteCmd(0x0c);       //开显示(无游标、不反白)
  79   1              LCD_WriteCmd(0x01);       //清除显示，并且设定地址指针为00H
  80   1              LCD_WriteCmd(0x06);       //指定在资料的读取及写入时，设定游标的移动方向及指定显示的移位
  81   1      }
  82          
  83          void LCD12864_WriteString(uchar x,uchar y,uchar *Str)
  84          {         
  85   1      //      if((y>4)||(x>8)) return;
  86   1              LCD12864_SetPoint(x,y); 
  87   1              while(*Str != '\0')      //或是while(*str>0)   
  88   1                { 
  89   2                     LCD_WriteData(*Str);
  90   2                         Str++;
  91   2            }
  92   1      }
  93          #endif
  94          
  95          


MODULE INFORMATION:   STATIC OVERLAYABLE
   CODE SIZE        =    166    ----
   CONSTANT SIZE    =   ----    ----
   XDATA SIZE       =   ----    ----
   PDATA SIZE       =   ----    ----
   DATA SIZE        =   ----    ----
   IDATA SIZE       =   ----    ----
   BIT SIZE         =   ----    ----
END OF MODULE INFORMATION.


C51 COMPILATION COMPLETE.  0 WARNING(S),  0 ERROR(S)
