C51 COMPILER V9.53.0.0   DELAY                                                             04/27/2019 21:20:47 PAGE 1   


C51 COMPILER V9.53.0.0, COMPILATION OF MODULE DELAY
OBJECT MODULE PLACED IN ..\OBJ\delay.obj
COMPILER INVOKED BY: D:\my software\worksoft\DXP&keil4&protues\MDK524\C51\BIN\C51.EXE ..\CORE\delay.c OPTIMIZE(8,SPEED) 
                    -BROWSE INCDIR(..\CORE) DEBUG OBJECTEXTEND PRINT(.\Listings\delay.lst) OBJECT(..\OBJ\delay.obj)

line level    source

   1          #include"delay.h"
   2          #include "intrins.h"
   3          //void delay_1Ms(void)
   4          //{
   5          //   unsigned char a,b;
   6          //     for(b=129;b>0;b--)
   7          //       for(a=45;a>0;a--);
   8          //}
   9          void delay_nMs(uint num)
  10          {
  11   1          unsigned char a,b,c;
  12   1               for(c=num;c>0;c--)
  13   1             for(b=129;b>0;b--)
  14   1               for(a=45;a>0;a--);
  15   1      }
  16          //void delay_500us(void)
  17          //{
  18          //    unsigned char a,b,c;
  19          //    for(c=1;c>0;c--)
  20          //        for(b=222;b>0;b--)
  21          //            for(a=12;a>0;a--);
  22          //}
  23          void delay_5us(uchar num)
  24          {
  25   1          unsigned char a,b;
  26   1              for(;num>0;num--)
  27   1            for(b=3;b>0;b--)
  28   1              for(a=8;a>0;a--);
  29   1      }
  30          
  31          void delay_1s(int num) //ÑÓÊ±Ò»Ãë
  32          {
  33   1         uchar a,b,c;
  34   1         while(num--)
  35   1          for(c=142;c>0;c--)
  36   1              for(b=168;b>0;b--)
  37   1                  for(a=250;a>0;a--);
  38   1                   // for(n=1;n>0;n--);
  39   1      }
  40          
  41          void Delay50us()                //@11.0592MHz
  42          {
  43   1              unsigned char i, j;
  44   1      
  45   1              _nop_();
  46   1              _nop_();
  47   1              _nop_();
  48   1              i = 1;
  49   1              j = 133;
  50   1              do
  51   1              {
  52   2                      while (--j);
  53   2              } while (--i);
  54   1      }
C51 COMPILER V9.53.0.0   DELAY                                                             04/27/2019 21:20:47 PAGE 2   

  55          
  56                  
  57          void Delay10us()                //@11.0592MHz
  58          {
  59   1              unsigned char i;
  60   1      
  61   1              _nop_();
  62   1              _nop_();
  63   1              _nop_();
  64   1              i = 24;
  65   1              while (--i);
  66   1      }
  67          void Delay25ms()                //@11.0592MHz
  68          {
  69   1              unsigned char i, j, k;
  70   1      
  71   1              i = 2;
  72   1              j = 13;
  73   1              k = 237;
  74   1              do
  75   1              {
  76   2                      do
  77   2                      {
  78   3                              while (--k);
  79   3                      } while (--j);
  80   2              } while (--i);
  81   1      }
  82          


MODULE INFORMATION:   STATIC OVERLAYABLE
   CODE SIZE        =     99    ----
   CONSTANT SIZE    =   ----    ----
   XDATA SIZE       =   ----    ----
   PDATA SIZE       =   ----    ----
   DATA SIZE        =   ----    ----
   IDATA SIZE       =   ----    ----
   BIT SIZE         =   ----    ----
END OF MODULE INFORMATION.


C51 COMPILATION COMPLETE.  0 WARNING(S),  0 ERROR(S)
