C51 COMPILER V9.53.0.0   ILLUMINATION                                                      05/13/2019 23:00:54 PAGE 1   


C51 COMPILER V9.53.0.0, COMPILATION OF MODULE ILLUMINATION
OBJECT MODULE PLACED IN ..\OBJ\Illumination.obj
COMPILER INVOKED BY: D:\my software\worksoft\DXP&keil4&protues\MDK524\C51\BIN\C51.EXE ..\CORE\Illumination.c OPTIMIZE(8,
                    -SPEED) BROWSE INCDIR(..\CORE) DEBUG OBJECTEXTEND PRINT(.\Listings\Illumination.lst) OBJECT(..\OBJ\Illumination.obj)

line level    source

   1          #include "illumination.h"
   2          #include "12864.h"
   3          #include "UART.H"  
   4          extern uint guangzhao=0;
   5          void Init_guangzhao(void)
   6          {
   7   1         //初始化BH1750，根据需要请参考pdf进行修改****
   8   1         Write_guangzhao(0x01);  
   9   1      }
  10          
  11          void  Write_guangzhao(uchar Address)               //单个写入数据
  12          {
  13   1          guangzhao_Start();                  //起始信号
  14   1          BH1750_SendByte(SlaveAdd);   //发送设备地址+写信号
  15   1          BH1750_SendByte(Address);    //内部寄存器地址，请参考中文pdf22页 
  16   1        //BH1750_SendByte(REG_data);       //内部寄存器数据，请参考中文pdf22页 
  17   1          guangzhao_Stop();    
  18   1      }
  19          /*********************************************************
  20          *函数名         :  read_BH1750_data
  21          *函数功能       ：连续读出BH1750内部数据
  22          *输入           :
  23          *输出           ：
  24          *********************************************************/
  25          void read_BH1750_data(uchar Data[])
  26          {   uchar i;    
  27   1          guangzhao_Start();                          //起始信号
  28   1          BH1750_SendByte(SlaveAdd+1);         //发送设备地址+读信号
  29   1              
  30   1               for (i=0; i<3; i++)                     //连续读取6个地址数据，存储中Data
  31   1          {
  32   2              Data[i] = RecvByte();          //Data[0]存储0x32地址中的数据
  33   2              if (i == 3)
  34   2              {
  35   3      
  36   3                 guangzhao_SendACK(1);                //最后一个数据需要回NOACK
  37   3              }
  38   2              else
  39   2              {               
  40   3                 guangzhao_SendACK(0);                 //回应ACK
  41   3              }
  42   2           }
  43   1           guangzhao_Stop();                           //停止信号
  44   1           delay_nMs(5);
  45   1      }
  46          /****************************************************************************
  47          *函数名      ：guangzhao_Start
  48          *函数功能    ：起始信号
  49          *输入        ：无
  50          *输出        ：无
  51          *****************************************************************************/
  52          void guangzhao_Start()
  53          {
  54   1          SDA = 1;                    //拉高数据线
C51 COMPILER V9.53.0.0   ILLUMINATION                                                      05/13/2019 23:00:54 PAGE 2   

  55   1          SCL = 1;                    //拉高时钟线
  56   1          delay_5us(1);                //延时
  57   1          SDA = 0;                    //产生下降沿
  58   1          delay_5us(1);                //延时
  59   1          SCL = 0;                    //拉低时钟线
  60   1      }
  61          /*****************************************************************************
  62          *函数名      ：guangzhao_Stop
  63          *函数功能    ：停止信号
  64          *输入        ：无
  65          *输出        ：无
  66          *****************************************************************************/
  67          void guangzhao_Stop()
  68          {
  69   1          SDA = 0;                    //拉低数据线
  70   1          SCL = 1;                    //拉高时钟线
  71   1          delay_5us(1);                //延时
  72   1          SDA = 1;                    //产生上升沿
  73   1          delay_5us(1);                //延时
  74   1      }
  75          
  76          /*****************************************************************************
  77          *函数名       ：guangzhao_SendACK
  78          *函数功能     ：发送应答信号
  79          *输入         ：入口参数:ack (0:ACK 1:NAK)
  80          *输出         ：无
  81          ******************************************************************************/
  82          void guangzhao_SendACK(bit ack)
  83          {
  84   1          SDA = ack;                  //写应答信号
  85   1          SCL = 1;                    //拉高时钟线
  86   1          delay_5us(1);                //延时
  87   1          SCL = 0;                    //拉低时钟线
  88   1          delay_5us(1);                 //延时
  89   1      }
  90          /****************************************************************************
  91          *函数名：         ：BH1750_RecvACK
  92          *函数功能     ：接收应答信号
  93          *输入         ：无
  94          *输出         ：bit
  95          *****************************************************************************/
  96          bit BH1750_RecvACK()
  97          {
  98   1          SCL = 1;                    //拉高时钟线
  99   1          delay_5us(1);                //延时
 100   1          CY = SDA;                   //读应答信号
 101   1          SCL = 0;                    //拉低时钟线
 102   1          delay_5us(1);                  //延时
 103   1      
 104   1          return CY;
 105   1      }
 106          /*****************************************************************************
 107          *函数名        ：BH1750_SendByte
 108          *函数功能      ：向IIC总线发送一个字节数据
 109          *输入          ：BYTE dat
 110          *输出          ：无
 111          ******************************************************************************/
 112          void BH1750_SendByte(BYTE dat)
 113          {
 114   1          BYTE i;
 115   1          for (i=0; i<8; i++)         //8位计数器
 116   1          {
C51 COMPILER V9.53.0.0   ILLUMINATION                                                      05/13/2019 23:00:54 PAGE 3   

 117   2              dat <<= 1;              //移出数据的最高位
 118   2              SDA = CY;               //送数据口
 119   2              SCL = 1;                //拉高时钟线
 120   2              delay_5us(1);            //延时
 121   2              SCL = 0;                //拉低时钟线
 122   2              delay_5us(1);            //延时
 123   2          }
 124   1          BH1750_RecvACK();
 125   1      }
 126          /*******************************************************************************
 127          *函数名         ：RecvByte
 128          *函数功能       ：从IIC总线接收一个字节数据
 129          *输入           ：无
 130          *输出                   ：BYTE
 131          ********************************************************************************/
 132          BYTE RecvByte()
 133          {
 134   1          BYTE i;
 135   1          BYTE dat = 0;
 136   1      
 137   1          SDA = 1;                    //使能内部上拉,准备读取数据,
 138   1          for (i=0; i<8; i++)         //8位计数器
 139   1          {
 140   2              dat <<= 1;
 141   2              SCL = 1;                //拉高时钟线
 142   2              delay_5us(1);            //延时
 143   2              dat |= SDA;             //读数据               
 144   2              SCL = 0;                //拉低时钟线
 145   2              delay_5us(1);            //延时
 146   2          }
 147   1          return dat;
 148   1      }
 149          /********************************************************************************
 150          *函数名        ：Get_guangzhao
 151          *函数功能      ：获取光照数据
 152          *输入          ：无
 153          *输出          ：uint
 154          *********************************************************************************/
 155          uint Get_guangzhao(void)
 156          {
 157   1        uchar guangzhao_buf[8];
 158   1        Write_guangzhao(0x01);      // power on
 159   1        Write_guangzhao(0x10);      // H- resolution mode
 160   1              delay_nMs(180); 
 161   1              read_BH1750_data(guangzhao_buf); //采集传感器的数据
 162   1              guangzhao = guangzhao_buf[0];
 163   1              guangzhao = (guangzhao<<8) + guangzhao_buf[1];
 164   1              guangzhao = (uint)(guangzhao/1.2);
 165   1      
 166   1          LCD_WriteCmd(0X93);
 167   1          LCD_WriteData(guangzhao/10000+0x30);
 168   1          LCD_WriteData(guangzhao%10000/1000+0x30);
 169   1          LCD_WriteData(guangzhao%10000%1000/100+0x30);
 170   1          LCD_WriteData(guangzhao%10000%1000%100/10+0x30);
 171   1          LCD_WriteData(guangzhao%10+0x30);
 172   1          return guangzhao;
 173   1      }
 174          
 175          #endif


MODULE INFORMATION:   STATIC OVERLAYABLE
C51 COMPILER V9.53.0.0   ILLUMINATION                                                      05/13/2019 23:00:54 PAGE 4   

   CODE SIZE        =    495    ----
   CONSTANT SIZE    =   ----    ----
   XDATA SIZE       =   ----    ----
   PDATA SIZE       =   ----    ----
   DATA SIZE        =      2      17
   IDATA SIZE       =   ----    ----
   BIT SIZE         =   ----       1
END OF MODULE INFORMATION.


C51 COMPILATION COMPLETE.  0 WARNING(S),  0 ERROR(S)
