C51 COMPILER V9.53.0.0   RHANDTEMP                                                         05/13/2019 23:48:37 PAGE 1   


C51 COMPILER V9.53.0.0, COMPILATION OF MODULE RHANDTEMP
OBJECT MODULE PLACED IN ..\OBJ\RhAndTemp.obj
COMPILER INVOKED BY: D:\my software\worksoft\DXP&keil4&protues\MDK524\C51\BIN\C51.EXE ..\CORE\RhAndTemp.c OPTIMIZE(8,SPE
                    -ED) BROWSE INCDIR(..\CORE) DEBUG OBJECTEXTEND PRINT(.\Listings\RhAndTemp.lst) OBJECT(..\OBJ\RhAndTemp.obj)

line level    source

   1          #include "RhAndTemp.h"
   2          #include "12864.h"
   3          #include "delay.h"
   4          ////引脚定义
   5          sbit  Port = P2^0;
   6          //定义全局变量
   7          uint temp_buf ;
   8          uint Hum_buf;
   9          //温湿度采集标志位
  10          uchar  FLAG;
  11          uchar  U8count,temp;
  12          uchar  TX_data_H,TX_data_L,RH_TX_data_H,RH_TX_data_L,checkdata;
  13          uchar  TX_data_H_temp,TX_data_L_temp,RH_TX_data_H_temp,RH_TX_data_L_temp,checkdata_temp;
  14          uchar  recivedatadata;
  15          /*************************************************************************************************
  16          *函数名     ：dispaly_tempAndHumidty
  17          *函数功能   ：在LCD显示温湿度
  18          *输出       ：uint humidity,uint temp
  19          *输入       ：无
  20          *************************************************************************************************/
  21          void Dispaly_tempAndHumidty(uint humidity,uint temp)
  22          {
  23   1           //显示湿度
  24   1            LCD_WriteCmd(0x8b);
  25   1               LCD_WriteData(humidity/100+0x30);
  26   1               LCD_WriteData(humidity%100/10+0x30);
  27   1               LCD_WriteData('.');
  28   1               LCD_WriteData(humidity%10+0x30);
  29   1      
  30   1               //显示温度
  31   1              
  32   1               LCD_WriteCmd(0x9b);
  33   1               LCD_WriteData(temp/100+0x30);
  34   1               LCD_WriteData(temp%100/10+0x30);
  35   1               LCD_WriteData('.');
  36   1               LCD_WriteData(temp%10+0x30);   
  37   1      } 
  38          void  recivedata(void)
  39                {
  40   1                 uchar i;       
  41   1             for(i=0;i<8;i++)    
  42   1                  {           
  43   2                          FLAG=2;     
  44   2                      while((!Port)&&FLAG++);
  45   2                       Delay10us();Delay10us();Delay10us();Delay10us(); Delay10us();
  46   2                              temp=0;
  47   2                   if(Port)temp=1;
  48   2                          FLAG=2;
  49   2                       while((Port)&&FLAG++);
  50   2                      //超时则跳出for循环               
  51   2                       if(FLAG==1)break;
  52   2                      //判断数据位是0还是1                       
  53   2                      // 如果高电平高过预定0高电平值则数据位为 1               
  54   2                         recivedatadata<<=1;
C51 COMPILER V9.53.0.0   RHANDTEMP                                                         05/13/2019 23:48:37 PAGE 2   

  55   2                         recivedatadata|=temp;                    //0
  56   2                   }
  57   1                 
  58   1              }
  59          
  60                  //--------------------------------
  61                  //-----湿度读取子程序 ------------
  62                  //--------------------------------
  63                  //----以下变量均为全局变量--------
  64                  //----温度高8位== TX_data_H------
  65                  //----温度低8位== TX_data_L------
  66                  //----湿度高8位== RH_TX_data_H-----
  67                  //----湿度低8位== RH_TX_data_L-----
  68                  //----校验 8位 == checkdata-----
  69                  //----调用相关子程序如下----------
  70                  //---- Delay();, Delay_10us();,recivedata(); 
  71                  //--------------------------------
  72          
  73          void RHAndTemp(void)
  74                  {
  75   1                //主机拉低18ms 
  76   1             Port=0;
  77   1                 Delay25ms();
  78   1                 Port=1;
  79   1               //总线由上拉电阻拉高 主机延时20us      
  80   1                 Delay50us();
  81   1               //主机设为输入 判断从机响应信号 
  82   1                 Port=1;
  83   1               //判断从机是否有低电平响应信号 如不响应则跳出，响应则向下运行    
  84   1                 if(!Port)             //T !    
  85   1                 {
  86   2                 FLAG=2;
  87   2               //判断从机是否发出 80us 的低电平响应信号是否结束        
  88   2                 while((!Port)&&FLAG++);
  89   2                 FLAG=2;
  90   2               //判断从机是否发出 80us 的高电平，如发出则进入数据接收状态
  91   2                 while((Port)&&FLAG++);
  92   2               //数据接收状态          
  93   2                 recivedata();
  94   2                 RH_TX_data_H_temp=recivedatadata;
  95   2                 recivedata();
  96   2                 RH_TX_data_L_temp=recivedatadata;
  97   2                 recivedata();
  98   2                 TX_data_H_temp=recivedatadata;
  99   2                 recivedata();
 100   2                 TX_data_L_temp=recivedatadata;
 101   2                 recivedata();
 102   2                 checkdata_temp=recivedatadata;
 103   2                 Port=1;
 104   2                 //数据校验 
 105   2               
 106   2                 temp=(TX_data_H_temp+TX_data_L_temp+RH_TX_data_H_temp+RH_TX_data_L_temp);
 107   2                 if(temp==checkdata_temp)
 108   2                         {
 109   3                                RH_TX_data_H=RH_TX_data_H_temp;
 110   3                                RH_TX_data_L=RH_TX_data_L_temp;
 111   3                                TX_data_H=TX_data_H_temp;
 112   3                                TX_data_L=TX_data_L_temp;
 113   3                                checkdata=checkdata_temp;
 114   3      
 115   3                                Hum_buf =   (RH_TX_data_H<<8) + RH_TX_data_L;
 116   3                                temp_buf    =   (TX_data_H<<8)  + TX_data_L;
C51 COMPILER V9.53.0.0   RHANDTEMP                                                         05/13/2019 23:48:37 PAGE 3   

 117   3                         }
 118   2                       
 119   2            } 
 120   1                 delay_1s(1);    
 121   1      }
 122          
 123          
 124          
 125          
 126          #endif
 127          
 128          
 129          
 130          


MODULE INFORMATION:   STATIC OVERLAYABLE
   CODE SIZE        =    376    ----
   CONSTANT SIZE    =   ----    ----
   XDATA SIZE       =   ----    ----
   PDATA SIZE       =   ----    ----
   DATA SIZE        =     18       5
   IDATA SIZE       =   ----    ----
   BIT SIZE         =   ----    ----
END OF MODULE INFORMATION.


C51 COMPILATION COMPLETE.  0 WARNING(S),  0 ERROR(S)
